::1 - - [21/Jun/2018:17:05:48 +0000] "GET / HTTP/1.1" 200 7987 "-" "Mozilla/5.0 (Windows NT 6.1; Win64; x64) AppleWebKit/537.36 (KHTML, like Gecko) Chrome/67.0.3396.87 Safari/537.36"
::1 - - [21/Jun/2018:17:05:50 +0000] "GET /stylesheets/style.css HTTP/1.1" 200 251 "http://localhost:5000/" "Mozilla/5.0 (Windows NT 6.1; Win64; x64) AppleWebKit/537.36 (KHTML, like Gecko) Chrome/67.0.3396.87 Safari/537.36"
::1 - - [21/Jun/2018:17:05:52 +0000] "GET / HTTP/1.1" 200 7987 "-" "Mozilla/5.0 (Windows NT 6.1; Win64; x64) AppleWebKit/537.36 (KHTML, like Gecko) Chrome/67.0.3396.87 Safari/537.36"
::1 - - [21/Jun/2018:17:05:52 +0000] "GET /stylesheets/style.css HTTP/1.1" 200 251 "http://localhost:3000/" "Mozilla/5.0 (Windows NT 6.1; Win64; x64) AppleWebKit/537.36 (KHTML, like Gecko) Chrome/67.0.3396.87 Safari/537.36"
::1 - - [21/Jun/2018:17:06:21 +0000] "GET /add-to-cart/5b2baabb18800423e07e194a HTTP/1.1" 302 46 "http://localhost:3000/" "Mozilla/5.0 (Windows NT 6.1; Win64; x64) AppleWebKit/537.36 (KHTML, like Gecko) Chrome/67.0.3396.87 Safari/537.36"
::1 - - [21/Jun/2018:17:06:23 +0000] "GET / HTTP/1.1" 304 - "http://localhost:3000/" "Mozilla/5.0 (Windows NT 6.1; Win64; x64) AppleWebKit/537.36 (KHTML, like Gecko) Chrome/67.0.3396.87 Safari/537.36"
::1 - - [21/Jun/2018:17:06:24 +0000] "GET /stylesheets/style.css HTTP/1.1" 304 - "http://localhost:3000/" "Mozilla/5.0 (Windows NT 6.1; Win64; x64) AppleWebKit/537.36 (KHTML, like Gecko) Chrome/67.0.3396.87 Safari/537.36"
::1 - - [21/Jun/2018:17:06:30 +0000] "GET /add-to-cart/5b2baabb18800423e07e194a HTTP/1.1" 302 46 "http://localhost:3000/" "Mozilla/5.0 (Windows NT 6.1; Win64; x64) AppleWebKit/537.36 (KHTML, like Gecko) Chrome/67.0.3396.87 Safari/537.36"
::1 - - [21/Jun/2018:17:06:33 +0000] "GET / HTTP/1.1" 304 - "http://localhost:3000/" "Mozilla/5.0 (Windows NT 6.1; Win64; x64) AppleWebKit/537.36 (KHTML, like Gecko) Chrome/67.0.3396.87 Safari/537.36"
::1 - - [21/Jun/2018:17:06:34 +0000] "GET /stylesheets/style.css HTTP/1.1" 304 - "http://localhost:3000/" "Mozilla/5.0 (Windows NT 6.1; Win64; x64) AppleWebKit/537.36 (KHTML, like Gecko) Chrome/67.0.3396.87 Safari/537.36"
::1 - - [21/Jun/2018:17:06:36 +0000] "GET /shopping-cart/ HTTP/1.1" 200 3873 "http://localhost:3000/" "Mozilla/5.0 (Windows NT 6.1; Win64; x64) AppleWebKit/537.36 (KHTML, like Gecko) Chrome/67.0.3396.87 Safari/537.36"
::1 - - [21/Jun/2018:17:06:37 +0000] "GET /stylesheets/style.css HTTP/1.1" 304 - "http://localhost:3000/shopping-cart/" "Mozilla/5.0 (Windows NT 6.1; Win64; x64) AppleWebKit/537.36 (KHTML, like Gecko) Chrome/67.0.3396.87 Safari/537.36"
::1 - - [21/Jun/2018:17:06:44 +0000] "GET /reduce/5b2baabb18800423e07e194a HTTP/1.1" 302 72 "http://localhost:3000/shopping-cart/" "Mozilla/5.0 (Windows NT 6.1; Win64; x64) AppleWebKit/537.36 (KHTML, like Gecko) Chrome/67.0.3396.87 Safari/537.36"
::1 - - [21/Jun/2018:17:06:44 +0000] "GET /shopping-cart HTTP/1.1" 200 3873 "http://localhost:3000/shopping-cart/" "Mozilla/5.0 (Windows NT 6.1; Win64; x64) AppleWebKit/537.36 (KHTML, like Gecko) Chrome/67.0.3396.87 Safari/537.36"
::1 - - [21/Jun/2018:17:06:44 +0000] "GET /stylesheets/style.css HTTP/1.1" 304 - "http://localhost:3000/shopping-cart" "Mozilla/5.0 (Windows NT 6.1; Win64; x64) AppleWebKit/537.36 (KHTML, like Gecko) Chrome/67.0.3396.87 Safari/537.36"
::1 - - [21/Jun/2018:17:06:50 +0000] "GET /stylesheets/style.css HTTP/1.1" 304 - "http://localhost:3000/user/signin" "Mozilla/5.0 (Windows NT 6.1; Win64; x64) AppleWebKit/537.36 (KHTML, like Gecko) Chrome/67.0.3396.87 Safari/537.36"
::1 - - [21/Jun/2018:17:06:51 +0000] "GET /user/signin HTTP/1.1" 200 3336 "http://localhost:3000/shopping-cart" "Mozilla/5.0 (Windows NT 6.1; Win64; x64) AppleWebKit/537.36 (KHTML, like Gecko) Chrome/67.0.3396.87 Safari/537.36"
::1 - - [21/Jun/2018:17:06:59 +0000] "GET /user/signup HTTP/1.1" 200 3824 "http://localhost:3000/user/signin" "Mozilla/5.0 (Windows NT 6.1; Win64; x64) AppleWebKit/537.36 (KHTML, like Gecko) Chrome/67.0.3396.87 Safari/537.36"
::1 - - [21/Jun/2018:17:07:00 +0000] "GET /stylesheets/style.css HTTP/1.1" 304 - "http://localhost:3000/user/signup" "Mozilla/5.0 (Windows NT 6.1; Win64; x64) AppleWebKit/537.36 (KHTML, like Gecko) Chrome/67.0.3396.87 Safari/537.36"
::1 - - [21/Jun/2018:17:07:10 +0000] "GET / HTTP/1.1" 304 - "http://localhost:3000/user/signup" "Mozilla/5.0 (Windows NT 6.1; Win64; x64) AppleWebKit/537.36 (KHTML, like Gecko) Chrome/67.0.3396.87 Safari/537.36"
::1 - - [21/Jun/2018:17:07:11 +0000] "GET /stylesheets/style.css HTTP/1.1" 304 - "http://localhost:3000/" "Mozilla/5.0 (Windows NT 6.1; Win64; x64) AppleWebKit/537.36 (KHTML, like Gecko) Chrome/67.0.3396.87 Safari/537.36"
::1 - - [21/Jun/2018:17:07:53 +0000] "GET /add-to-cart/5b2baabb18800423e07e1949 HTTP/1.1" 302 46 "http://localhost:3000/" "Mozilla/5.0 (Windows NT 6.1; Win64; x64) AppleWebKit/537.36 (KHTML, like Gecko) Chrome/67.0.3396.87 Safari/537.36"
::1 - - [21/Jun/2018:17:07:54 +0000] "GET / HTTP/1.1" 304 - "http://localhost:3000/" "Mozilla/5.0 (Windows NT 6.1; Win64; x64) AppleWebKit/537.36 (KHTML, like Gecko) Chrome/67.0.3396.87 Safari/537.36"
::1 - - [21/Jun/2018:17:07:54 +0000] "GET /stylesheets/style.css HTTP/1.1" 304 - "http://localhost:3000/" "Mozilla/5.0 (Windows NT 6.1; Win64; x64) AppleWebKit/537.36 (KHTML, like Gecko) Chrome/67.0.3396.87 Safari/537.36"
::1 - - [21/Jun/2018:17:08:03 +0000] "GET /shopping-cart/ HTTP/1.1" 200 4682 "http://localhost:3000/" "Mozilla/5.0 (Windows NT 6.1; Win64; x64) AppleWebKit/537.36 (KHTML, like Gecko) Chrome/67.0.3396.87 Safari/537.36"
::1 - - [21/Jun/2018:17:08:04 +0000] "GET /stylesheets/style.css HTTP/1.1" 304 - "http://localhost:3000/shopping-cart/" "Mozilla/5.0 (Windows NT 6.1; Win64; x64) AppleWebKit/537.36 (KHTML, like Gecko) Chrome/67.0.3396.87 Safari/537.36"
::1 - - [21/Jun/2018:17:08:12 +0000] "GET /reduce/5b2baabb18800423e07e1949 HTTP/1.1" 302 72 "http://localhost:3000/shopping-cart/" "Mozilla/5.0 (Windows NT 6.1; Win64; x64) AppleWebKit/537.36 (KHTML, like Gecko) Chrome/67.0.3396.87 Safari/537.36"
::1 - - [21/Jun/2018:17:08:12 +0000] "GET /shopping-cart HTTP/1.1" 304 - "http://localhost:3000/shopping-cart/" "Mozilla/5.0 (Windows NT 6.1; Win64; x64) AppleWebKit/537.36 (KHTML, like Gecko) Chrome/67.0.3396.87 Safari/537.36"
::1 - - [21/Jun/2018:17:08:40 +0000] "GET /stylesheets/style.css HTTP/1.1" 304 - "http://localhost:3000/shopping-cart" "Mozilla/5.0 (Windows NT 6.1; Win64; x64) AppleWebKit/537.36 (KHTML, like Gecko) Chrome/67.0.3396.87 Safari/537.36"
::1 - - [21/Jun/2018:17:08:47 +0000] "GET /remove/5b2baabb18800423e07e194a HTTP/1.1" 302 72 "http://localhost:3000/shopping-cart" "Mozilla/5.0 (Windows NT 6.1; Win64; x64) AppleWebKit/537.36 (KHTML, like Gecko) Chrome/67.0.3396.87 Safari/537.36"
::1 - - [21/Jun/2018:17:08:47 +0000] "GET /shopping-cart HTTP/1.1" 200 2676 "http://localhost:3000/shopping-cart" "Mozilla/5.0 (Windows NT 6.1; Win64; x64) AppleWebKit/537.36 (KHTML, like Gecko) Chrome/67.0.3396.87 Safari/537.36"
::1 - - [21/Jun/2018:17:08:47 +0000] "GET /stylesheets/style.css HTTP/1.1" 304 - "http://localhost:3000/shopping-cart" "Mozilla/5.0 (Windows NT 6.1; Win64; x64) AppleWebKit/537.36 (KHTML, like Gecko) Chrome/67.0.3396.87 Safari/537.36"
::1 - - [21/Jun/2018:17:19:33 +0000] "GET / HTTP/1.1" 304 - "http://localhost:3000/shopping-cart" "Mozilla/5.0 (Windows NT 6.1; Win64; x64) AppleWebKit/537.36 (KHTML, like Gecko) Chrome/67.0.3396.87 Safari/537.36"
::1 - - [21/Jun/2018:17:19:33 +0000] "GET /stylesheets/style.css HTTP/1.1" 304 - "http://localhost:3000/" "Mozilla/5.0 (Windows NT 6.1; Win64; x64) AppleWebKit/537.36 (KHTML, like Gecko) Chrome/67.0.3396.87 Safari/537.36"
::1 - - [21/Jun/2018:17:59:19 +0000] "GET / HTTP/1.1" 200 7133 "http://localhost:3000/shopping-cart" "Mozilla/5.0 (Windows NT 6.1; Win64; x64) AppleWebKit/537.36 (KHTML, like Gecko) Chrome/67.0.3396.87 Safari/537.36"
::1 - - [21/Jun/2018:18:01:17 +0000] "GET /stylesheets/style.css HTTP/1.1" - - "http://localhost:3000/" "Mozilla/5.0 (Windows NT 6.1; Win64; x64) AppleWebKit/537.36 (KHTML, like Gecko) Chrome/67.0.3396.87 Safari/537.36"
::1 - - [21/Jun/2018:18:01:17 +0000] "GET /images/img1.jpeg HTTP/1.1" - - "http://localhost:3000/" "Mozilla/5.0 (Windows NT 6.1; Win64; x64) AppleWebKit/537.36 (KHTML, like Gecko) Chrome/67.0.3396.87 Safari/537.36"
::1 - - [21/Jun/2018:18:01:17 +0000] "GET /images/img2.jpeg HTTP/1.1" - - "http://localhost:3000/" "Mozilla/5.0 (Windows NT 6.1; Win64; x64) AppleWebKit/537.36 (KHTML, like Gecko) Chrome/67.0.3396.87 Safari/537.36"
::1 - - [21/Jun/2018:18:01:17 +0000] "GET /images/img4.jpeg HTTP/1.1" - - "http://localhost:3000/" "Mozilla/5.0 (Windows NT 6.1; Win64; x64) AppleWebKit/537.36 (KHTML, like Gecko) Chrome/67.0.3396.87 Safari/537.36"
::1 - - [21/Jun/2018:18:01:17 +0000] "GET /images/img3.jpeg HTTP/1.1" - - "http://localhost:3000/" "Mozilla/5.0 (Windows NT 6.1; Win64; x64) AppleWebKit/537.36 (KHTML, like Gecko) Chrome/67.0.3396.87 Safari/537.36"
::1 - - [21/Jun/2018:18:01:19 +0000] "GET /images/img5.jpeg HTTP/1.1" - - "http://localhost:3000/" "Mozilla/5.0 (Windows NT 6.1; Win64; x64) AppleWebKit/537.36 (KHTML, like Gecko) Chrome/67.0.3396.87 Safari/537.36"
::1 - - [21/Jun/2018:18:01:30 +0000] "GET /images/img5.jpeg HTTP/1.1" 200 48430 "http://localhost:3000/" "Mozilla/5.0 (Windows NT 6.1; Win64; x64) AppleWebKit/537.36 (KHTML, like Gecko) Chrome/67.0.3396.87 Safari/537.36"
::1 - - [21/Jun/2018:18:01:30 +0000] "GET /images/img6.jpeg HTTP/1.1" 200 51789 "http://localhost:3000/" "Mozilla/5.0 (Windows NT 6.1; Win64; x64) AppleWebKit/537.36 (KHTML, like Gecko) Chrome/67.0.3396.87 Safari/537.36"
::1 - - [21/Jun/2018:18:01:30 +0000] "GET / HTTP/1.1" 200 7133 "-" "Mozilla/5.0 (Windows NT 6.1; Win64; x64) AppleWebKit/537.36 (KHTML, like Gecko) Chrome/67.0.3396.87 Safari/537.36"
::1 - - [21/Jun/2018:18:01:37 +0000] "GET /stylesheets/style.css HTTP/1.1" 304 - "http://localhost:3000/" "Mozilla/5.0 (Windows NT 6.1; Win64; x64) AppleWebKit/537.36 (KHTML, like Gecko) Chrome/67.0.3396.87 Safari/537.36"
::1 - - [21/Jun/2018:18:01:37 +0000] "GET /images/img5.jpeg HTTP/1.1" 304 - "http://localhost:3000/" "Mozilla/5.0 (Windows NT 6.1; Win64; x64) AppleWebKit/537.36 (KHTML, like Gecko) Chrome/67.0.3396.87 Safari/537.36"
::1 - - [21/Jun/2018:18:01:37 +0000] "GET /images/img1.jpeg HTTP/1.1" 200 53255 "http://localhost:3000/" "Mozilla/5.0 (Windows NT 6.1; Win64; x64) AppleWebKit/537.36 (KHTML, like Gecko) Chrome/67.0.3396.87 Safari/537.36"
::1 - - [21/Jun/2018:18:01:37 +0000] "GET /images/img2.jpeg HTTP/1.1" 200 53128 "http://localhost:3000/" "Mozilla/5.0 (Windows NT 6.1; Win64; x64) AppleWebKit/537.36 (KHTML, like Gecko) Chrome/67.0.3396.87 Safari/537.36"
::1 - - [21/Jun/2018:18:01:37 +0000] "GET /images/img4.jpeg HTTP/1.1" 200 61127 "http://localhost:3000/" "Mozilla/5.0 (Windows NT 6.1; Win64; x64) AppleWebKit/537.36 (KHTML, like Gecko) Chrome/67.0.3396.87 Safari/537.36"
::1 - - [21/Jun/2018:18:01:37 +0000] "GET /favicon.ico HTTP/1.1" 500 4042 "http://localhost:3000/" "Mozilla/5.0 (Windows NT 6.1; Win64; x64) AppleWebKit/537.36 (KHTML, like Gecko) Chrome/67.0.3396.87 Safari/537.36"
::1 - - [21/Jun/2018:18:01:37 +0000] "GET /images/img3.jpeg HTTP/1.1" 200 41307 "http://localhost:3000/" "Mozilla/5.0 (Windows NT 6.1; Win64; x64) AppleWebKit/537.36 (KHTML, like Gecko) Chrome/67.0.3396.87 Safari/537.36"
::1 - - [21/Jun/2018:18:01:37 +0000] "GET /images/img6.jpeg HTTP/1.1" 304 - "http://localhost:3000/" "Mozilla/5.0 (Windows NT 6.1; Win64; x64) AppleWebKit/537.36 (KHTML, like Gecko) Chrome/67.0.3396.87 Safari/537.36"
::1 - - [21/Jun/2018:18:01:38 +0000] "GET /favicon.ico HTTP/1.1" 500 4042 "http://localhost:3000/" "Mozilla/5.0 (Windows NT 6.1; Win64; x64) AppleWebKit/537.36 (KHTML, like Gecko) Chrome/67.0.3396.87 Safari/537.36"
::1 - - [21/Jun/2018:18:03:02 +0000] "GET / HTTP/1.1" 304 - "http://localhost:3000/shopping-cart" "Mozilla/5.0 (Windows NT 6.1; Win64; x64) AppleWebKit/537.36 (KHTML, like Gecko) Chrome/67.0.3396.87 Safari/537.36"
::1 - - [21/Jun/2018:18:03:03 +0000] "GET /images/img5.jpeg HTTP/1.1" 304 - "http://localhost:3000/" "Mozilla/5.0 (Windows NT 6.1; Win64; x64) AppleWebKit/537.36 (KHTML, like Gecko) Chrome/67.0.3396.87 Safari/537.36"
::1 - - [21/Jun/2018:18:03:03 +0000] "GET /images/img4.jpeg HTTP/1.1" 304 - "http://localhost:3000/" "Mozilla/5.0 (Windows NT 6.1; Win64; x64) AppleWebKit/537.36 (KHTML, like Gecko) Chrome/67.0.3396.87 Safari/537.36"
::1 - - [21/Jun/2018:18:03:03 +0000] "GET /stylesheets/style.css HTTP/1.1" 304 - "http://localhost:3000/" "Mozilla/5.0 (Windows NT 6.1; Win64; x64) AppleWebKit/537.36 (KHTML, like Gecko) Chrome/67.0.3396.87 Safari/537.36"
::1 - - [21/Jun/2018:18:03:03 +0000] "GET /images/img2.jpeg HTTP/1.1" 304 - "http://localhost:3000/" "Mozilla/5.0 (Windows NT 6.1; Win64; x64) AppleWebKit/537.36 (KHTML, like Gecko) Chrome/67.0.3396.87 Safari/537.36"
::1 - - [21/Jun/2018:18:03:03 +0000] "GET /images/img3.jpeg HTTP/1.1" 304 - "http://localhost:3000/" "Mozilla/5.0 (Windows NT 6.1; Win64; x64) AppleWebKit/537.36 (KHTML, like Gecko) Chrome/67.0.3396.87 Safari/537.36"
::1 - - [21/Jun/2018:18:03:03 +0000] "GET /images/img1.jpeg HTTP/1.1" 304 - "http://localhost:3000/" "Mozilla/5.0 (Windows NT 6.1; Win64; x64) AppleWebKit/537.36 (KHTML, like Gecko) Chrome/67.0.3396.87 Safari/537.36"
::1 - - [21/Jun/2018:18:03:53 +0000] "GET /images/img6.jpeg HTTP/1.1" - - "http://localhost:3000/" "Mozilla/5.0 (Windows NT 6.1; Win64; x64) AppleWebKit/537.36 (KHTML, like Gecko) Chrome/67.0.3396.87 Safari/537.36"
::1 - - [21/Jun/2018:18:05:06 +0000] "GET / HTTP/1.1" 200 7133 "http://localhost:3000/shopping-cart" "Mozilla/5.0 (Windows NT 6.1; Win64; x64) AppleWebKit/537.36 (KHTML, like Gecko) Chrome/67.0.3396.87 Safari/537.36"
::1 - - [21/Jun/2018:18:05:08 +0000] "GET /images/img2.jpeg HTTP/1.1" 304 - "http://localhost:3000/" "Mozilla/5.0 (Windows NT 6.1; Win64; x64) AppleWebKit/537.36 (KHTML, like Gecko) Chrome/67.0.3396.87 Safari/537.36"
::1 - - [21/Jun/2018:18:05:08 +0000] "GET /images/img1.jpeg HTTP/1.1" 304 - "http://localhost:3000/" "Mozilla/5.0 (Windows NT 6.1; Win64; x64) AppleWebKit/537.36 (KHTML, like Gecko) Chrome/67.0.3396.87 Safari/537.36"
::1 - - [21/Jun/2018:18:05:08 +0000] "GET /stylesheets/style.css HTTP/1.1" 304 - "http://localhost:3000/" "Mozilla/5.0 (Windows NT 6.1; Win64; x64) AppleWebKit/537.36 (KHTML, like Gecko) Chrome/67.0.3396.87 Safari/537.36"
::1 - - [21/Jun/2018:18:05:09 +0000] "GET /images/img5.jpeg HTTP/1.1" 304 - "http://localhost:3000/" "Mozilla/5.0 (Windows NT 6.1; Win64; x64) AppleWebKit/537.36 (KHTML, like Gecko) Chrome/67.0.3396.87 Safari/537.36"
::1 - - [21/Jun/2018:18:05:09 +0000] "GET /images/img3.jpeg HTTP/1.1" 304 - "http://localhost:3000/" "Mozilla/5.0 (Windows NT 6.1; Win64; x64) AppleWebKit/537.36 (KHTML, like Gecko) Chrome/67.0.3396.87 Safari/537.36"
::1 - - [21/Jun/2018:18:05:09 +0000] "GET /images/img4.jpeg HTTP/1.1" 304 - "http://localhost:3000/" "Mozilla/5.0 (Windows NT 6.1; Win64; x64) AppleWebKit/537.36 (KHTML, like Gecko) Chrome/67.0.3396.87 Safari/537.36"
::1 - - [21/Jun/2018:18:05:21 +0000] "GET /images/img6.jpeg HTTP/1.1" 200 51789 "http://localhost:3000/" "Mozilla/5.0 (Windows NT 6.1; Win64; x64) AppleWebKit/537.36 (KHTML, like Gecko) Chrome/67.0.3396.87 Safari/537.36"
::1 - - [21/Jun/2018:18:05:22 +0000] "GET /favicon.ico HTTP/1.1" 500 4042 "http://localhost:3000/" "Mozilla/5.0 (Windows NT 6.1; Win64; x64) AppleWebKit/537.36 (KHTML, like Gecko) Chrome/67.0.3396.87 Safari/537.36"
::1 - - [21/Jun/2018:18:06:03 +0000] "GET /add-to-cart/5b2be75418800423e07e194f HTTP/1.1" 302 46 "http://localhost:3000/" "Mozilla/5.0 (Windows NT 6.1; Win64; x64) AppleWebKit/537.36 (KHTML, like Gecko) Chrome/67.0.3396.87 Safari/537.36"
::1 - - [21/Jun/2018:18:06:03 +0000] "GET / HTTP/1.1" 304 - "http://localhost:3000/" "Mozilla/5.0 (Windows NT 6.1; Win64; x64) AppleWebKit/537.36 (KHTML, like Gecko) Chrome/67.0.3396.87 Safari/537.36"
::1 - - [21/Jun/2018:18:06:04 +0000] "GET /images/img3.jpeg HTTP/1.1" 304 - "http://localhost:3000/" "Mozilla/5.0 (Windows NT 6.1; Win64; x64) AppleWebKit/537.36 (KHTML, like Gecko) Chrome/67.0.3396.87 Safari/537.36"
::1 - - [21/Jun/2018:18:06:04 +0000] "GET /images/img2.jpeg HTTP/1.1" 304 - "http://localhost:3000/" "Mozilla/5.0 (Windows NT 6.1; Win64; x64) AppleWebKit/537.36 (KHTML, like Gecko) Chrome/67.0.3396.87 Safari/537.36"
::1 - - [21/Jun/2018:18:06:04 +0000] "GET /stylesheets/style.css HTTP/1.1" 304 - "http://localhost:3000/" "Mozilla/5.0 (Windows NT 6.1; Win64; x64) AppleWebKit/537.36 (KHTML, like Gecko) Chrome/67.0.3396.87 Safari/537.36"
::1 - - [21/Jun/2018:18:06:04 +0000] "GET /images/img5.jpeg HTTP/1.1" 304 - "http://localhost:3000/" "Mozilla/5.0 (Windows NT 6.1; Win64; x64) AppleWebKit/537.36 (KHTML, like Gecko) Chrome/67.0.3396.87 Safari/537.36"
::1 - - [21/Jun/2018:18:06:04 +0000] "GET /images/img1.jpeg HTTP/1.1" 304 - "http://localhost:3000/" "Mozilla/5.0 (Windows NT 6.1; Win64; x64) AppleWebKit/537.36 (KHTML, like Gecko) Chrome/67.0.3396.87 Safari/537.36"
::1 - - [21/Jun/2018:18:06:04 +0000] "GET /images/img4.jpeg HTTP/1.1" 304 - "http://localhost:3000/" "Mozilla/5.0 (Windows NT 6.1; Win64; x64) AppleWebKit/537.36 (KHTML, like Gecko) Chrome/67.0.3396.87 Safari/537.36"
::1 - - [21/Jun/2018:18:06:04 +0000] "GET /images/img6.jpeg HTTP/1.1" 304 - "http://localhost:3000/" "Mozilla/5.0 (Windows NT 6.1; Win64; x64) AppleWebKit/537.36 (KHTML, like Gecko) Chrome/67.0.3396.87 Safari/537.36"
::1 - - [21/Jun/2018:18:06:05 +0000] "GET /favicon.ico HTTP/1.1" 500 4042 "http://localhost:3000/" "Mozilla/5.0 (Windows NT 6.1; Win64; x64) AppleWebKit/537.36 (KHTML, like Gecko) Chrome/67.0.3396.87 Safari/537.36"
::1 - - [21/Jun/2018:18:06:08 +0000] "GET /add-to-cart/5b2be75418800423e07e1950 HTTP/1.1" 302 46 "http://localhost:3000/" "Mozilla/5.0 (Windows NT 6.1; Win64; x64) AppleWebKit/537.36 (KHTML, like Gecko) Chrome/67.0.3396.87 Safari/537.36"
::1 - - [21/Jun/2018:18:06:09 +0000] "GET / HTTP/1.1" 304 - "http://localhost:3000/" "Mozilla/5.0 (Windows NT 6.1; Win64; x64) AppleWebKit/537.36 (KHTML, like Gecko) Chrome/67.0.3396.87 Safari/537.36"
::1 - - [21/Jun/2018:18:06:10 +0000] "GET /images/img2.jpeg HTTP/1.1" 304 - "http://localhost:3000/" "Mozilla/5.0 (Windows NT 6.1; Win64; x64) AppleWebKit/537.36 (KHTML, like Gecko) Chrome/67.0.3396.87 Safari/537.36"
::1 - - [21/Jun/2018:18:06:10 +0000] "GET /stylesheets/style.css HTTP/1.1" 304 - "http://localhost:3000/" "Mozilla/5.0 (Windows NT 6.1; Win64; x64) AppleWebKit/537.36 (KHTML, like Gecko) Chrome/67.0.3396.87 Safari/537.36"
::1 - - [21/Jun/2018:18:06:10 +0000] "GET /images/img4.jpeg HTTP/1.1" 304 - "http://localhost:3000/" "Mozilla/5.0 (Windows NT 6.1; Win64; x64) AppleWebKit/537.36 (KHTML, like Gecko) Chrome/67.0.3396.87 Safari/537.36"
::1 - - [21/Jun/2018:18:06:10 +0000] "GET /images/img3.jpeg HTTP/1.1" 304 - "http://localhost:3000/" "Mozilla/5.0 (Windows NT 6.1; Win64; x64) AppleWebKit/537.36 (KHTML, like Gecko) Chrome/67.0.3396.87 Safari/537.36"
::1 - - [21/Jun/2018:18:06:10 +0000] "GET /images/img1.jpeg HTTP/1.1" 304 - "http://localhost:3000/" "Mozilla/5.0 (Windows NT 6.1; Win64; x64) AppleWebKit/537.36 (KHTML, like Gecko) Chrome/67.0.3396.87 Safari/537.36"
::1 - - [21/Jun/2018:18:06:10 +0000] "GET /images/img5.jpeg HTTP/1.1" 304 - "http://localhost:3000/" "Mozilla/5.0 (Windows NT 6.1; Win64; x64) AppleWebKit/537.36 (KHTML, like Gecko) Chrome/67.0.3396.87 Safari/537.36"
::1 - - [21/Jun/2018:18:06:10 +0000] "GET /images/img6.jpeg HTTP/1.1" 304 - "http://localhost:3000/" "Mozilla/5.0 (Windows NT 6.1; Win64; x64) AppleWebKit/537.36 (KHTML, like Gecko) Chrome/67.0.3396.87 Safari/537.36"
::1 - - [21/Jun/2018:18:06:11 +0000] "GET /favicon.ico HTTP/1.1" 500 4042 "http://localhost:3000/" "Mozilla/5.0 (Windows NT 6.1; Win64; x64) AppleWebKit/537.36 (KHTML, like Gecko) Chrome/67.0.3396.87 Safari/537.36"
::1 - - [21/Jun/2018:18:06:13 +0000] "GET /shopping-cart/ HTTP/1.1" 200 4619 "http://localhost:3000/" "Mozilla/5.0 (Windows NT 6.1; Win64; x64) AppleWebKit/537.36 (KHTML, like Gecko) Chrome/67.0.3396.87 Safari/537.36"
::1 - - [21/Jun/2018:18:06:14 +0000] "GET /stylesheets/style.css HTTP/1.1" 304 - "http://localhost:3000/shopping-cart/" "Mozilla/5.0 (Windows NT 6.1; Win64; x64) AppleWebKit/537.36 (KHTML, like Gecko) Chrome/67.0.3396.87 Safari/537.36"
::1 - - [21/Jun/2018:18:06:14 +0000] "GET /favicon.ico HTTP/1.1" 500 4042 "http://localhost:3000/shopping-cart/" "Mozilla/5.0 (Windows NT 6.1; Win64; x64) AppleWebKit/537.36 (KHTML, like Gecko) Chrome/67.0.3396.87 Safari/537.36"
::1 - - [21/Jun/2018:18:06:32 +0000] "GET /reduce/5b2be75418800423e07e194f HTTP/1.1" 302 72 "http://localhost:3000/shopping-cart/" "Mozilla/5.0 (Windows NT 6.1; Win64; x64) AppleWebKit/537.36 (KHTML, like Gecko) Chrome/67.0.3396.87 Safari/537.36"
::1 - - [21/Jun/2018:18:06:33 +0000] "GET /shopping-cart HTTP/1.1" 200 4619 "http://localhost:3000/shopping-cart/" "Mozilla/5.0 (Windows NT 6.1; Win64; x64) AppleWebKit/537.36 (KHTML, like Gecko) Chrome/67.0.3396.87 Safari/537.36"
::1 - - [21/Jun/2018:18:06:33 +0000] "GET /stylesheets/style.css HTTP/1.1" 304 - "http://localhost:3000/shopping-cart" "Mozilla/5.0 (Windows NT 6.1; Win64; x64) AppleWebKit/537.36 (KHTML, like Gecko) Chrome/67.0.3396.87 Safari/537.36"
::1 - - [21/Jun/2018:18:06:34 +0000] "GET /favicon.ico HTTP/1.1" 500 4042 "http://localhost:3000/shopping-cart" "Mozilla/5.0 (Windows NT 6.1; Win64; x64) AppleWebKit/537.36 (KHTML, like Gecko) Chrome/67.0.3396.87 Safari/537.36"
::1 - - [21/Jun/2018:18:06:37 +0000] "GET /shopping-cart HTTP/1.1" 200 3839 "http://localhost:3000/shopping-cart/" "Mozilla/5.0 (Windows NT 6.1; Win64; x64) AppleWebKit/537.36 (KHTML, like Gecko) Chrome/67.0.3396.87 Safari/537.36"
::1 - - [21/Jun/2018:18:06:38 +0000] "GET /stylesheets/style.css HTTP/1.1" 304 - "http://localhost:3000/shopping-cart" "Mozilla/5.0 (Windows NT 6.1; Win64; x64) AppleWebKit/537.36 (KHTML, like Gecko) Chrome/67.0.3396.87 Safari/537.36"
::1 - - [21/Jun/2018:18:06:38 +0000] "GET /favicon.ico HTTP/1.1" 500 4042 "http://localhost:3000/shopping-cart" "Mozilla/5.0 (Windows NT 6.1; Win64; x64) AppleWebKit/537.36 (KHTML, like Gecko) Chrome/67.0.3396.87 Safari/537.36"
::1 - - [21/Jun/2018:18:06:47 +0000] "GET /checkout HTTP/1.1" 302 68 "http://localhost:3000/shopping-cart" "Mozilla/5.0 (Windows NT 6.1; Win64; x64) AppleWebKit/537.36 (KHTML, like Gecko) Chrome/67.0.3396.87 Safari/537.36"
::1 - - [21/Jun/2018:18:06:47 +0000] "GET /user/signin HTTP/1.1" 200 3336 "http://localhost:3000/shopping-cart" "Mozilla/5.0 (Windows NT 6.1; Win64; x64) AppleWebKit/537.36 (KHTML, like Gecko) Chrome/67.0.3396.87 Safari/537.36"
::1 - - [21/Jun/2018:18:06:47 +0000] "GET /stylesheets/style.css HTTP/1.1" 304 - "http://localhost:3000/user/signin" "Mozilla/5.0 (Windows NT 6.1; Win64; x64) AppleWebKit/537.36 (KHTML, like Gecko) Chrome/67.0.3396.87 Safari/537.36"
::1 - - [21/Jun/2018:18:06:48 +0000] "GET /favicon.ico HTTP/1.1" 500 4042 "http://localhost:3000/user/signin" "Mozilla/5.0 (Windows NT 6.1; Win64; x64) AppleWebKit/537.36 (KHTML, like Gecko) Chrome/67.0.3396.87 Safari/537.36"
::1 - - [21/Jun/2018:18:07:46 +0000] "GET / HTTP/1.1" 304 - "http://localhost:3000/user/signin" "Mozilla/5.0 (Windows NT 6.1; Win64; x64) AppleWebKit/537.36 (KHTML, like Gecko) Chrome/67.0.3396.87 Safari/537.36"
::1 - - [21/Jun/2018:18:07:47 +0000] "GET /images/img4.jpeg HTTP/1.1" 304 - "http://localhost:3000/" "Mozilla/5.0 (Windows NT 6.1; Win64; x64) AppleWebKit/537.36 (KHTML, like Gecko) Chrome/67.0.3396.87 Safari/537.36"
::1 - - [21/Jun/2018:18:07:47 +0000] "GET /images/img2.jpeg HTTP/1.1" 304 - "http://localhost:3000/" "Mozilla/5.0 (Windows NT 6.1; Win64; x64) AppleWebKit/537.36 (KHTML, like Gecko) Chrome/67.0.3396.87 Safari/537.36"
::1 - - [21/Jun/2018:18:07:47 +0000] "GET /images/img5.jpeg HTTP/1.1" 304 - "http://localhost:3000/" "Mozilla/5.0 (Windows NT 6.1; Win64; x64) AppleWebKit/537.36 (KHTML, like Gecko) Chrome/67.0.3396.87 Safari/537.36"
::1 - - [21/Jun/2018:18:07:47 +0000] "GET /images/img1.jpeg HTTP/1.1" 304 - "http://localhost:3000/" "Mozilla/5.0 (Windows NT 6.1; Win64; x64) AppleWebKit/537.36 (KHTML, like Gecko) Chrome/67.0.3396.87 Safari/537.36"
::1 - - [21/Jun/2018:18:07:47 +0000] "GET /stylesheets/style.css HTTP/1.1" 304 - "http://localhost:3000/" "Mozilla/5.0 (Windows NT 6.1; Win64; x64) AppleWebKit/537.36 (KHTML, like Gecko) Chrome/67.0.3396.87 Safari/537.36"
::1 - - [21/Jun/2018:18:07:47 +0000] "GET /images/img3.jpeg HTTP/1.1" 304 - "http://localhost:3000/" "Mozilla/5.0 (Windows NT 6.1; Win64; x64) AppleWebKit/537.36 (KHTML, like Gecko) Chrome/67.0.3396.87 Safari/537.36"
::1 - - [21/Jun/2018:18:07:48 +0000] "GET /images/img6.jpeg HTTP/1.1" 304 - "http://localhost:3000/" "Mozilla/5.0 (Windows NT 6.1; Win64; x64) AppleWebKit/537.36 (KHTML, like Gecko) Chrome/67.0.3396.87 Safari/537.36"
::1 - - [21/Jun/2018:18:07:48 +0000] "GET /favicon.ico HTTP/1.1" 500 4042 "http://localhost:3000/" "Mozilla/5.0 (Windows NT 6.1; Win64; x64) AppleWebKit/537.36 (KHTML, like Gecko) Chrome/67.0.3396.87 Safari/537.36"
::1 - - [21/Jun/2018:18:08:39 +0000] "GET / HTTP/1.1" 200 7133 "-" "Mozilla/5.0 (Windows NT 6.1; Win64; x64) AppleWebKit/537.36 (KHTML, like Gecko) Chrome/67.0.3396.87 Safari/537.36"
::1 - - [21/Jun/2018:18:08:39 +0000] "GET / HTTP/1.1" 304 - "-" "Mozilla/5.0 (Windows NT 6.1; Win64; x64) AppleWebKit/537.36 (KHTML, like Gecko) Chrome/67.0.3396.87 Safari/537.36"
::1 - - [21/Jun/2018:18:08:39 +0000] "GET /stylesheets/style.css HTTP/1.1" 304 - "http://localhost:5000/" "Mozilla/5.0 (Windows NT 6.1; Win64; x64) AppleWebKit/537.36 (KHTML, like Gecko) Chrome/67.0.3396.87 Safari/537.36"
::1 - - [21/Jun/2018:18:08:39 +0000] "GET /images/img1.jpeg HTTP/1.1" 200 53255 "http://localhost:5000/" "Mozilla/5.0 (Windows NT 6.1; Win64; x64) AppleWebKit/537.36 (KHTML, like Gecko) Chrome/67.0.3396.87 Safari/537.36"
::1 - - [21/Jun/2018:18:08:39 +0000] "GET /images/img4.jpeg HTTP/1.1" 200 61127 "http://localhost:5000/" "Mozilla/5.0 (Windows NT 6.1; Win64; x64) AppleWebKit/537.36 (KHTML, like Gecko) Chrome/67.0.3396.87 Safari/537.36"
::1 - - [21/Jun/2018:18:08:39 +0000] "GET /images/img3.jpeg HTTP/1.1" 200 41307 "http://localhost:5000/" "Mozilla/5.0 (Windows NT 6.1; Win64; x64) AppleWebKit/537.36 (KHTML, like Gecko) Chrome/67.0.3396.87 Safari/537.36"
::1 - - [21/Jun/2018:18:08:39 +0000] "GET /images/img2.jpeg HTTP/1.1" 200 53128 "http://localhost:5000/" "Mozilla/5.0 (Windows NT 6.1; Win64; x64) AppleWebKit/537.36 (KHTML, like Gecko) Chrome/67.0.3396.87 Safari/537.36"
::1 - - [21/Jun/2018:18:08:40 +0000] "GET /images/img5.jpeg HTTP/1.1" 200 48430 "http://localhost:5000/" "Mozilla/5.0 (Windows NT 6.1; Win64; x64) AppleWebKit/537.36 (KHTML, like Gecko) Chrome/67.0.3396.87 Safari/537.36"
::1 - - [21/Jun/2018:18:08:40 +0000] "GET /images/img6.jpeg HTTP/1.1" 200 51789 "http://localhost:5000/" "Mozilla/5.0 (Windows NT 6.1; Win64; x64) AppleWebKit/537.36 (KHTML, like Gecko) Chrome/67.0.3396.87 Safari/537.36"
::1 - - [21/Jun/2018:18:08:40 +0000] "GET /stylesheets/style.css HTTP/1.1" 304 - "http://localhost:3000/" "Mozilla/5.0 (Windows NT 6.1; Win64; x64) AppleWebKit/537.36 (KHTML, like Gecko) Chrome/67.0.3396.87 Safari/537.36"
::1 - - [21/Jun/2018:18:08:41 +0000] "GET /images/img1.jpeg HTTP/1.1" 304 - "http://localhost:3000/" "Mozilla/5.0 (Windows NT 6.1; Win64; x64) AppleWebKit/537.36 (KHTML, like Gecko) Chrome/67.0.3396.87 Safari/537.36"
::1 - - [21/Jun/2018:18:08:41 +0000] "GET /images/img6.jpeg HTTP/1.1" 304 - "http://localhost:3000/" "Mozilla/5.0 (Windows NT 6.1; Win64; x64) AppleWebKit/537.36 (KHTML, like Gecko) Chrome/67.0.3396.87 Safari/537.36"
::1 - - [21/Jun/2018:18:08:41 +0000] "GET /images/img4.jpeg HTTP/1.1" 304 - "http://localhost:3000/" "Mozilla/5.0 (Windows NT 6.1; Win64; x64) AppleWebKit/537.36 (KHTML, like Gecko) Chrome/67.0.3396.87 Safari/537.36"
::1 - - [21/Jun/2018:18:08:41 +0000] "GET /images/img2.jpeg HTTP/1.1" 304 - "http://localhost:3000/" "Mozilla/5.0 (Windows NT 6.1; Win64; x64) AppleWebKit/537.36 (KHTML, like Gecko) Chrome/67.0.3396.87 Safari/537.36"
::1 - - [21/Jun/2018:18:08:41 +0000] "GET /images/img3.jpeg HTTP/1.1" 304 - "http://localhost:3000/" "Mozilla/5.0 (Windows NT 6.1; Win64; x64) AppleWebKit/537.36 (KHTML, like Gecko) Chrome/67.0.3396.87 Safari/537.36"
::1 - - [21/Jun/2018:18:08:41 +0000] "GET /images/img5.jpeg HTTP/1.1" 304 - "http://localhost:3000/" "Mozilla/5.0 (Windows NT 6.1; Win64; x64) AppleWebKit/537.36 (KHTML, like Gecko) Chrome/67.0.3396.87 Safari/537.36"
::1 - - [21/Jun/2018:18:08:42 +0000] "GET /favicon.ico HTTP/1.1" 500 4042 "http://localhost:3000/" "Mozilla/5.0 (Windows NT 6.1; Win64; x64) AppleWebKit/537.36 (KHTML, like Gecko) Chrome/67.0.3396.87 Safari/537.36"
::1 - - [21/Jun/2018:18:08:49 +0000] "GET /add-to-cart/5b2be75418800423e07e194f HTTP/1.1" 302 46 "http://localhost:3000/" "Mozilla/5.0 (Windows NT 6.1; Win64; x64) AppleWebKit/537.36 (KHTML, like Gecko) Chrome/67.0.3396.87 Safari/537.36"
::1 - - [21/Jun/2018:18:08:50 +0000] "GET / HTTP/1.1" 304 - "http://localhost:3000/" "Mozilla/5.0 (Windows NT 6.1; Win64; x64) AppleWebKit/537.36 (KHTML, like Gecko) Chrome/67.0.3396.87 Safari/537.36"
::1 - - [21/Jun/2018:18:08:51 +0000] "GET /images/img2.jpeg HTTP/1.1" 304 - "http://localhost:3000/" "Mozilla/5.0 (Windows NT 6.1; Win64; x64) AppleWebKit/537.36 (KHTML, like Gecko) Chrome/67.0.3396.87 Safari/537.36"
::1 - - [21/Jun/2018:18:08:51 +0000] "GET /images/img1.jpeg HTTP/1.1" 304 - "http://localhost:3000/" "Mozilla/5.0 (Windows NT 6.1; Win64; x64) AppleWebKit/537.36 (KHTML, like Gecko) Chrome/67.0.3396.87 Safari/537.36"
::1 - - [21/Jun/2018:18:08:51 +0000] "GET /stylesheets/style.css HTTP/1.1" 304 - "http://localhost:3000/" "Mozilla/5.0 (Windows NT 6.1; Win64; x64) AppleWebKit/537.36 (KHTML, like Gecko) Chrome/67.0.3396.87 Safari/537.36"
::1 - - [21/Jun/2018:18:08:51 +0000] "GET /images/img3.jpeg HTTP/1.1" 304 - "http://localhost:3000/" "Mozilla/5.0 (Windows NT 6.1; Win64; x64) AppleWebKit/537.36 (KHTML, like Gecko) Chrome/67.0.3396.87 Safari/537.36"
::1 - - [21/Jun/2018:18:08:51 +0000] "GET /images/img4.jpeg HTTP/1.1" 304 - "http://localhost:3000/" "Mozilla/5.0 (Windows NT 6.1; Win64; x64) AppleWebKit/537.36 (KHTML, like Gecko) Chrome/67.0.3396.87 Safari/537.36"
::1 - - [21/Jun/2018:18:08:51 +0000] "GET /images/img5.jpeg HTTP/1.1" 304 - "http://localhost:3000/" "Mozilla/5.0 (Windows NT 6.1; Win64; x64) AppleWebKit/537.36 (KHTML, like Gecko) Chrome/67.0.3396.87 Safari/537.36"
::1 - - [21/Jun/2018:18:08:51 +0000] "GET /images/img6.jpeg HTTP/1.1" 304 - "http://localhost:3000/" "Mozilla/5.0 (Windows NT 6.1; Win64; x64) AppleWebKit/537.36 (KHTML, like Gecko) Chrome/67.0.3396.87 Safari/537.36"
::1 - - [21/Jun/2018:18:08:52 +0000] "GET /favicon.ico HTTP/1.1" 500 4042 "http://localhost:3000/" "Mozilla/5.0 (Windows NT 6.1; Win64; x64) AppleWebKit/537.36 (KHTML, like Gecko) Chrome/67.0.3396.87 Safari/537.36"
::1 - - [21/Jun/2018:18:08:56 +0000] "GET /shopping-cart/ HTTP/1.1" 200 4619 "http://localhost:3000/" "Mozilla/5.0 (Windows NT 6.1; Win64; x64) AppleWebKit/537.36 (KHTML, like Gecko) Chrome/67.0.3396.87 Safari/537.36"
::1 - - [21/Jun/2018:18:08:56 +0000] "GET /stylesheets/style.css HTTP/1.1" 304 - "http://localhost:3000/shopping-cart/" "Mozilla/5.0 (Windows NT 6.1; Win64; x64) AppleWebKit/537.36 (KHTML, like Gecko) Chrome/67.0.3396.87 Safari/537.36"
::1 - - [21/Jun/2018:18:08:57 +0000] "GET /favicon.ico HTTP/1.1" 500 4042 "http://localhost:3000/shopping-cart/" "Mozilla/5.0 (Windows NT 6.1; Win64; x64) AppleWebKit/537.36 (KHTML, like Gecko) Chrome/67.0.3396.87 Safari/537.36"
::1 - - [21/Jun/2018:18:09:07 +0000] "GET /favicon.ico HTTP/1.1" 500 4042 "http://localhost:3000/" "Mozilla/5.0 (Windows NT 6.1; Win64; x64) AppleWebKit/537.36 (KHTML, like Gecko) Chrome/67.0.3396.87 Safari/537.36"
::1 - - [21/Jun/2018:18:09:15 +0000] "GET /shopping-cart/ HTTP/1.1" 304 - "http://localhost:3000/" "Mozilla/5.0 (Windows NT 6.1; Win64; x64) AppleWebKit/537.36 (KHTML, like Gecko) Chrome/67.0.3396.87 Safari/537.36"
::1 - - [21/Jun/2018:18:09:16 +0000] "GET /stylesheets/style.css HTTP/1.1" 304 - "http://localhost:3000/shopping-cart/" "Mozilla/5.0 (Windows NT 6.1; Win64; x64) AppleWebKit/537.36 (KHTML, like Gecko) Chrome/67.0.3396.87 Safari/537.36"
::1 - - [21/Jun/2018:18:09:17 +0000] "GET /favicon.ico HTTP/1.1" 500 4042 "http://localhost:3000/shopping-cart/" "Mozilla/5.0 (Windows NT 6.1; Win64; x64) AppleWebKit/537.36 (KHTML, like Gecko) Chrome/67.0.3396.87 Safari/537.36"
::1 - - [21/Jun/2018:18:09:17 +0000] "GET /shopping-cart/ HTTP/1.1" 304 - "http://localhost:3000/shopping-cart/" "Mozilla/5.0 (Windows NT 6.1; Win64; x64) AppleWebKit/537.36 (KHTML, like Gecko) Chrome/67.0.3396.87 Safari/537.36"
::1 - - [21/Jun/2018:18:09:17 +0000] "GET /stylesheets/style.css HTTP/1.1" 304 - "http://localhost:3000/shopping-cart/" "Mozilla/5.0 (Windows NT 6.1; Win64; x64) AppleWebKit/537.36 (KHTML, like Gecko) Chrome/67.0.3396.87 Safari/537.36"
::1 - - [21/Jun/2018:18:09:18 +0000] "GET /favicon.ico HTTP/1.1" 500 4042 "http://localhost:3000/shopping-cart/" "Mozilla/5.0 (Windows NT 6.1; Win64; x64) AppleWebKit/537.36 (KHTML, like Gecko) Chrome/67.0.3396.87 Safari/537.36"
::1 - - [21/Jun/2018:18:09:21 +0000] "GET /remove/5b2be75418800423e07e1950 HTTP/1.1" 302 72 "http://localhost:3000/shopping-cart/" "Mozilla/5.0 (Windows NT 6.1; Win64; x64) AppleWebKit/537.36 (KHTML, like Gecko) Chrome/67.0.3396.87 Safari/537.36"
::1 - - [21/Jun/2018:18:09:21 +0000] "GET /shopping-cart HTTP/1.1" 200 4619 "http://localhost:3000/shopping-cart/" "Mozilla/5.0 (Windows NT 6.1; Win64; x64) AppleWebKit/537.36 (KHTML, like Gecko) Chrome/67.0.3396.87 Safari/537.36"
::1 - - [21/Jun/2018:18:09:22 +0000] "GET /stylesheets/style.css HTTP/1.1" 304 - "http://localhost:3000/shopping-cart" "Mozilla/5.0 (Windows NT 6.1; Win64; x64) AppleWebKit/537.36 (KHTML, like Gecko) Chrome/67.0.3396.87 Safari/537.36"
::1 - - [21/Jun/2018:18:09:23 +0000] "GET /favicon.ico HTTP/1.1" 500 4042 "http://localhost:3000/shopping-cart" "Mozilla/5.0 (Windows NT 6.1; Win64; x64) AppleWebKit/537.36 (KHTML, like Gecko) Chrome/67.0.3396.87 Safari/537.36"
::1 - - [21/Jun/2018:18:09:24 +0000] "GET /remove/5b2be75418800423e07e194f HTTP/1.1" 302 72 "http://localhost:3000/shopping-cart" "Mozilla/5.0 (Windows NT 6.1; Win64; x64) AppleWebKit/537.36 (KHTML, like Gecko) Chrome/67.0.3396.87 Safari/537.36"
::1 - - [21/Jun/2018:18:09:24 +0000] "GET /shopping-cart HTTP/1.1" 200 3839 "http://localhost:3000/shopping-cart" "Mozilla/5.0 (Windows NT 6.1; Win64; x64) AppleWebKit/537.36 (KHTML, like Gecko) Chrome/67.0.3396.87 Safari/537.36"
::1 - - [21/Jun/2018:18:09:24 +0000] "GET /stylesheets/style.css HTTP/1.1" 304 - "http://localhost:3000/shopping-cart" "Mozilla/5.0 (Windows NT 6.1; Win64; x64) AppleWebKit/537.36 (KHTML, like Gecko) Chrome/67.0.3396.87 Safari/537.36"
::1 - - [21/Jun/2018:18:09:25 +0000] "GET /favicon.ico HTTP/1.1" 500 4042 "http://localhost:3000/shopping-cart" "Mozilla/5.0 (Windows NT 6.1; Win64; x64) AppleWebKit/537.36 (KHTML, like Gecko) Chrome/67.0.3396.87 Safari/537.36"
::1 - - [21/Jun/2018:18:09:28 +0000] "GET /remove/5b2be75418800423e07e194f HTTP/1.1" 500 4089 "http://localhost:3000/shopping-cart" "Mozilla/5.0 (Windows NT 6.1; Win64; x64) AppleWebKit/537.36 (KHTML, like Gecko) Chrome/67.0.3396.87 Safari/537.36"
::1 - - [21/Jun/2018:18:09:28 +0000] "GET /stylesheets/style.css HTTP/1.1" 304 - "http://localhost:3000/remove/5b2be75418800423e07e194f" "Mozilla/5.0 (Windows NT 6.1; Win64; x64) AppleWebKit/537.36 (KHTML, like Gecko) Chrome/67.0.3396.87 Safari/537.36"
::1 - - [21/Jun/2018:18:09:29 +0000] "GET /favicon.ico HTTP/1.1" 500 4042 "http://localhost:3000/remove/5b2be75418800423e07e194f" "Mozilla/5.0 (Windows NT 6.1; Win64; x64) AppleWebKit/537.36 (KHTML, like Gecko) Chrome/67.0.3396.87 Safari/537.36"
::1 - - [21/Jun/2018:18:09:35 +0000] "GET /remove/5b2be75418800423e07e194f HTTP/1.1" 500 4089 "http://localhost:3000/shopping-cart" "Mozilla/5.0 (Windows NT 6.1; Win64; x64) AppleWebKit/537.36 (KHTML, like Gecko) Chrome/67.0.3396.87 Safari/537.36"
::1 - - [21/Jun/2018:18:09:36 +0000] "GET /stylesheets/style.css HTTP/1.1" 304 - "http://localhost:3000/remove/5b2be75418800423e07e194f" "Mozilla/5.0 (Windows NT 6.1; Win64; x64) AppleWebKit/537.36 (KHTML, like Gecko) Chrome/67.0.3396.87 Safari/537.36"
::1 - - [21/Jun/2018:18:09:36 +0000] "GET /favicon.ico HTTP/1.1" 500 4042 "http://localhost:3000/remove/5b2be75418800423e07e194f" "Mozilla/5.0 (Windows NT 6.1; Win64; x64) AppleWebKit/537.36 (KHTML, like Gecko) Chrome/67.0.3396.87 Safari/537.36"
::1 - - [21/Jun/2018:18:09:39 +0000] "GET /remove/5b2be75418800423e07e194f HTTP/1.1" 500 4089 "http://localhost:3000/shopping-cart" "Mozilla/5.0 (Windows NT 6.1; Win64; x64) AppleWebKit/537.36 (KHTML, like Gecko) Chrome/67.0.3396.87 Safari/537.36"
::1 - - [21/Jun/2018:18:09:39 +0000] "GET /stylesheets/style.css HTTP/1.1" 304 - "http://localhost:3000/remove/5b2be75418800423e07e194f" "Mozilla/5.0 (Windows NT 6.1; Win64; x64) AppleWebKit/537.36 (KHTML, like Gecko) Chrome/67.0.3396.87 Safari/537.36"
::1 - - [21/Jun/2018:18:09:40 +0000] "GET /favicon.ico HTTP/1.1" 500 4042 "http://localhost:3000/remove/5b2be75418800423e07e194f" "Mozilla/5.0 (Windows NT 6.1; Win64; x64) AppleWebKit/537.36 (KHTML, like Gecko) Chrome/67.0.3396.87 Safari/537.36"
::1 - - [21/Jun/2018:18:09:43 +0000] "GET /favicon.ico HTTP/1.1" 500 4042 "http://localhost:3000/shopping-cart" "Mozilla/5.0 (Windows NT 6.1; Win64; x64) AppleWebKit/537.36 (KHTML, like Gecko) Chrome/67.0.3396.87 Safari/537.36"
::1 - - [21/Jun/2018:18:09:44 +0000] "GET / HTTP/1.1" 304 - "http://localhost:3000/shopping-cart" "Mozilla/5.0 (Windows NT 6.1; Win64; x64) AppleWebKit/537.36 (KHTML, like Gecko) Chrome/67.0.3396.87 Safari/537.36"
::1 - - [21/Jun/2018:18:09:44 +0000] "GET /images/img2.jpeg HTTP/1.1" 304 - "http://localhost:3000/" "Mozilla/5.0 (Windows NT 6.1; Win64; x64) AppleWebKit/537.36 (KHTML, like Gecko) Chrome/67.0.3396.87 Safari/537.36"
::1 - - [21/Jun/2018:18:09:44 +0000] "GET /stylesheets/style.css HTTP/1.1" 304 - "http://localhost:3000/" "Mozilla/5.0 (Windows NT 6.1; Win64; x64) AppleWebKit/537.36 (KHTML, like Gecko) Chrome/67.0.3396.87 Safari/537.36"
::1 - - [21/Jun/2018:18:09:44 +0000] "GET /images/img3.jpeg HTTP/1.1" 304 - "http://localhost:3000/" "Mozilla/5.0 (Windows NT 6.1; Win64; x64) AppleWebKit/537.36 (KHTML, like Gecko) Chrome/67.0.3396.87 Safari/537.36"
::1 - - [21/Jun/2018:18:09:44 +0000] "GET /images/img1.jpeg HTTP/1.1" 304 - "http://localhost:3000/" "Mozilla/5.0 (Windows NT 6.1; Win64; x64) AppleWebKit/537.36 (KHTML, like Gecko) Chrome/67.0.3396.87 Safari/537.36"
::1 - - [21/Jun/2018:18:09:44 +0000] "GET /images/img4.jpeg HTTP/1.1" 304 - "http://localhost:3000/" "Mozilla/5.0 (Windows NT 6.1; Win64; x64) AppleWebKit/537.36 (KHTML, like Gecko) Chrome/67.0.3396.87 Safari/537.36"
::1 - - [21/Jun/2018:18:09:44 +0000] "GET /images/img5.jpeg HTTP/1.1" 304 - "http://localhost:3000/" "Mozilla/5.0 (Windows NT 6.1; Win64; x64) AppleWebKit/537.36 (KHTML, like Gecko) Chrome/67.0.3396.87 Safari/537.36"
::1 - - [21/Jun/2018:18:09:45 +0000] "GET /images/img6.jpeg HTTP/1.1" 304 - "http://localhost:3000/" "Mozilla/5.0 (Windows NT 6.1; Win64; x64) AppleWebKit/537.36 (KHTML, like Gecko) Chrome/67.0.3396.87 Safari/537.36"
::1 - - [21/Jun/2018:18:09:46 +0000] "GET /favicon.ico HTTP/1.1" 500 4042 "http://localhost:3000/" "Mozilla/5.0 (Windows NT 6.1; Win64; x64) AppleWebKit/537.36 (KHTML, like Gecko) Chrome/67.0.3396.87 Safari/537.36"
::1 - - [21/Jun/2018:18:09:48 +0000] "GET /shopping-cart/ HTTP/1.1" - - "http://localhost:3000/" "Mozilla/5.0 (Windows NT 6.1; Win64; x64) AppleWebKit/537.36 (KHTML, like Gecko) Chrome/67.0.3396.87 Safari/537.36"
::1 - - [21/Jun/2018:18:09:48 +0000] "GET /shopping-cart/ HTTP/1.1" - - "http://localhost:3000/" "Mozilla/5.0 (Windows NT 6.1; Win64; x64) AppleWebKit/537.36 (KHTML, like Gecko) Chrome/67.0.3396.87 Safari/537.36"
::1 - - [21/Jun/2018:18:09:49 +0000] "GET /shopping-cart/ HTTP/1.1" 200 2676 "http://localhost:3000/" "Mozilla/5.0 (Windows NT 6.1; Win64; x64) AppleWebKit/537.36 (KHTML, like Gecko) Chrome/67.0.3396.87 Safari/537.36"
::1 - - [21/Jun/2018:18:09:49 +0000] "GET /stylesheets/style.css HTTP/1.1" 304 - "http://localhost:3000/shopping-cart/" "Mozilla/5.0 (Windows NT 6.1; Win64; x64) AppleWebKit/537.36 (KHTML, like Gecko) Chrome/67.0.3396.87 Safari/537.36"
::1 - - [21/Jun/2018:18:09:50 +0000] "GET /favicon.ico HTTP/1.1" 500 4042 "http://localhost:3000/shopping-cart/" "Mozilla/5.0 (Windows NT 6.1; Win64; x64) AppleWebKit/537.36 (KHTML, like Gecko) Chrome/67.0.3396.87 Safari/537.36"
::1 - - [21/Jun/2018:18:09:53 +0000] "GET / HTTP/1.1" 304 - "http://localhost:3000/shopping-cart/" "Mozilla/5.0 (Windows NT 6.1; Win64; x64) AppleWebKit/537.36 (KHTML, like Gecko) Chrome/67.0.3396.87 Safari/537.36"
::1 - - [21/Jun/2018:18:09:54 +0000] "GET /images/img5.jpeg HTTP/1.1" 304 - "http://localhost:3000/" "Mozilla/5.0 (Windows NT 6.1; Win64; x64) AppleWebKit/537.36 (KHTML, like Gecko) Chrome/67.0.3396.87 Safari/537.36"
::1 - - [21/Jun/2018:18:09:54 +0000] "GET /images/img2.jpeg HTTP/1.1" 304 - "http://localhost:3000/" "Mozilla/5.0 (Windows NT 6.1; Win64; x64) AppleWebKit/537.36 (KHTML, like Gecko) Chrome/67.0.3396.87 Safari/537.36"
::1 - - [21/Jun/2018:18:09:54 +0000] "GET /images/img3.jpeg HTTP/1.1" 304 - "http://localhost:3000/" "Mozilla/5.0 (Windows NT 6.1; Win64; x64) AppleWebKit/537.36 (KHTML, like Gecko) Chrome/67.0.3396.87 Safari/537.36"
::1 - - [21/Jun/2018:18:09:54 +0000] "GET /stylesheets/style.css HTTP/1.1" 304 - "http://localhost:3000/" "Mozilla/5.0 (Windows NT 6.1; Win64; x64) AppleWebKit/537.36 (KHTML, like Gecko) Chrome/67.0.3396.87 Safari/537.36"
::1 - - [21/Jun/2018:18:09:54 +0000] "GET /images/img4.jpeg HTTP/1.1" 304 - "http://localhost:3000/" "Mozilla/5.0 (Windows NT 6.1; Win64; x64) AppleWebKit/537.36 (KHTML, like Gecko) Chrome/67.0.3396.87 Safari/537.36"
::1 - - [21/Jun/2018:18:09:54 +0000] "GET /images/img1.jpeg HTTP/1.1" 304 - "http://localhost:3000/" "Mozilla/5.0 (Windows NT 6.1; Win64; x64) AppleWebKit/537.36 (KHTML, like Gecko) Chrome/67.0.3396.87 Safari/537.36"
::1 - - [21/Jun/2018:18:09:55 +0000] "GET /images/img6.jpeg HTTP/1.1" 304 - "http://localhost:3000/" "Mozilla/5.0 (Windows NT 6.1; Win64; x64) AppleWebKit/537.36 (KHTML, like Gecko) Chrome/67.0.3396.87 Safari/537.36"
::1 - - [21/Jun/2018:18:09:55 +0000] "GET /favicon.ico HTTP/1.1" 500 4042 "http://localhost:3000/" "Mozilla/5.0 (Windows NT 6.1; Win64; x64) AppleWebKit/537.36 (KHTML, like Gecko) Chrome/67.0.3396.87 Safari/537.36"
::1 - - [21/Jun/2018:18:09:58 +0000] "GET /add-to-cart/5b2be75418800423e07e1950 HTTP/1.1" 302 46 "http://localhost:3000/" "Mozilla/5.0 (Windows NT 6.1; Win64; x64) AppleWebKit/537.36 (KHTML, like Gecko) Chrome/67.0.3396.87 Safari/537.36"
::1 - - [21/Jun/2018:18:09:58 +0000] "GET / HTTP/1.1" 304 - "http://localhost:3000/" "Mozilla/5.0 (Windows NT 6.1; Win64; x64) AppleWebKit/537.36 (KHTML, like Gecko) Chrome/67.0.3396.87 Safari/537.36"
::1 - - [21/Jun/2018:18:09:59 +0000] "GET /images/img1.jpeg HTTP/1.1" 304 - "http://localhost:3000/" "Mozilla/5.0 (Windows NT 6.1; Win64; x64) AppleWebKit/537.36 (KHTML, like Gecko) Chrome/67.0.3396.87 Safari/537.36"
::1 - - [21/Jun/2018:18:09:59 +0000] "GET /images/img2.jpeg HTTP/1.1" 304 - "http://localhost:3000/" "Mozilla/5.0 (Windows NT 6.1; Win64; x64) AppleWebKit/537.36 (KHTML, like Gecko) Chrome/67.0.3396.87 Safari/537.36"
::1 - - [21/Jun/2018:18:09:59 +0000] "GET /images/img4.jpeg HTTP/1.1" 304 - "http://localhost:3000/" "Mozilla/5.0 (Windows NT 6.1; Win64; x64) AppleWebKit/537.36 (KHTML, like Gecko) Chrome/67.0.3396.87 Safari/537.36"
::1 - - [21/Jun/2018:18:09:59 +0000] "GET /images/img5.jpeg HTTP/1.1" 304 - "http://localhost:3000/" "Mozilla/5.0 (Windows NT 6.1; Win64; x64) AppleWebKit/537.36 (KHTML, like Gecko) Chrome/67.0.3396.87 Safari/537.36"
::1 - - [21/Jun/2018:18:09:59 +0000] "GET /images/img3.jpeg HTTP/1.1" 304 - "http://localhost:3000/" "Mozilla/5.0 (Windows NT 6.1; Win64; x64) AppleWebKit/537.36 (KHTML, like Gecko) Chrome/67.0.3396.87 Safari/537.36"
::1 - - [21/Jun/2018:18:09:59 +0000] "GET /stylesheets/style.css HTTP/1.1" 304 - "http://localhost:3000/" "Mozilla/5.0 (Windows NT 6.1; Win64; x64) AppleWebKit/537.36 (KHTML, like Gecko) Chrome/67.0.3396.87 Safari/537.36"
::1 - - [21/Jun/2018:18:10:00 +0000] "GET /images/img6.jpeg HTTP/1.1" 304 - "http://localhost:3000/" "Mozilla/5.0 (Windows NT 6.1; Win64; x64) AppleWebKit/537.36 (KHTML, like Gecko) Chrome/67.0.3396.87 Safari/537.36"
::1 - - [21/Jun/2018:18:10:00 +0000] "GET /favicon.ico HTTP/1.1" 500 4042 "http://localhost:3000/" "Mozilla/5.0 (Windows NT 6.1; Win64; x64) AppleWebKit/537.36 (KHTML, like Gecko) Chrome/67.0.3396.87 Safari/537.36"
::1 - - [21/Jun/2018:18:10:25 +0000] "GET / HTTP/1.1" 304 - "-" "Mozilla/5.0 (Windows NT 6.1; Win64; x64) AppleWebKit/537.36 (KHTML, like Gecko) Chrome/67.0.3396.87 Safari/537.36"
::1 - - [21/Jun/2018:18:10:26 +0000] "GET /stylesheets/style.css HTTP/1.1" 304 - "http://localhost:3000/" "Mozilla/5.0 (Windows NT 6.1; Win64; x64) AppleWebKit/537.36 (KHTML, like Gecko) Chrome/67.0.3396.87 Safari/537.36"
::1 - - [21/Jun/2018:18:10:26 +0000] "GET /images/img4.jpeg HTTP/1.1" 304 - "http://localhost:3000/" "Mozilla/5.0 (Windows NT 6.1; Win64; x64) AppleWebKit/537.36 (KHTML, like Gecko) Chrome/67.0.3396.87 Safari/537.36"
::1 - - [21/Jun/2018:18:10:26 +0000] "GET /images/img3.jpeg HTTP/1.1" 304 - "http://localhost:3000/" "Mozilla/5.0 (Windows NT 6.1; Win64; x64) AppleWebKit/537.36 (KHTML, like Gecko) Chrome/67.0.3396.87 Safari/537.36"
::1 - - [21/Jun/2018:18:10:26 +0000] "GET /images/img1.jpeg HTTP/1.1" 304 - "http://localhost:3000/" "Mozilla/5.0 (Windows NT 6.1; Win64; x64) AppleWebKit/537.36 (KHTML, like Gecko) Chrome/67.0.3396.87 Safari/537.36"
::1 - - [21/Jun/2018:18:10:26 +0000] "GET /images/img5.jpeg HTTP/1.1" 304 - "http://localhost:3000/" "Mozilla/5.0 (Windows NT 6.1; Win64; x64) AppleWebKit/537.36 (KHTML, like Gecko) Chrome/67.0.3396.87 Safari/537.36"
::1 - - [21/Jun/2018:18:10:26 +0000] "GET /images/img2.jpeg HTTP/1.1" 304 - "http://localhost:3000/" "Mozilla/5.0 (Windows NT 6.1; Win64; x64) AppleWebKit/537.36 (KHTML, like Gecko) Chrome/67.0.3396.87 Safari/537.36"
::1 - - [21/Jun/2018:18:10:26 +0000] "GET /images/img6.jpeg HTTP/1.1" 304 - "http://localhost:3000/" "Mozilla/5.0 (Windows NT 6.1; Win64; x64) AppleWebKit/537.36 (KHTML, like Gecko) Chrome/67.0.3396.87 Safari/537.36"
::1 - - [21/Jun/2018:18:10:27 +0000] "GET /favicon.ico HTTP/1.1" 500 4042 "http://localhost:3000/" "Mozilla/5.0 (Windows NT 6.1; Win64; x64) AppleWebKit/537.36 (KHTML, like Gecko) Chrome/67.0.3396.87 Safari/537.36"
::1 - - [21/Jun/2018:18:10:29 +0000] "GET /shopping-cart/ HTTP/1.1" 200 3839 "http://localhost:3000/" "Mozilla/5.0 (Windows NT 6.1; Win64; x64) AppleWebKit/537.36 (KHTML, like Gecko) Chrome/67.0.3396.87 Safari/537.36"
::1 - - [21/Jun/2018:18:10:30 +0000] "GET /stylesheets/style.css HTTP/1.1" 304 - "http://localhost:3000/shopping-cart/" "Mozilla/5.0 (Windows NT 6.1; Win64; x64) AppleWebKit/537.36 (KHTML, like Gecko) Chrome/67.0.3396.87 Safari/537.36"
::1 - - [21/Jun/2018:18:10:31 +0000] "GET /favicon.ico HTTP/1.1" 500 4042 "http://localhost:3000/shopping-cart/" "Mozilla/5.0 (Windows NT 6.1; Win64; x64) AppleWebKit/537.36 (KHTML, like Gecko) Chrome/67.0.3396.87 Safari/537.36"
::1 - - [21/Jun/2018:18:10:51 +0000] "GET / HTTP/1.1" 304 - "http://localhost:3000/shopping-cart/" "Mozilla/5.0 (Windows NT 6.1; Win64; x64) AppleWebKit/537.36 (KHTML, like Gecko) Chrome/67.0.3396.87 Safari/537.36"
::1 - - [21/Jun/2018:18:10:51 +0000] "GET /stylesheets/style.css HTTP/1.1" 304 - "http://localhost:3000/" "Mozilla/5.0 (Windows NT 6.1; Win64; x64) AppleWebKit/537.36 (KHTML, like Gecko) Chrome/67.0.3396.87 Safari/537.36"
::1 - - [21/Jun/2018:18:10:51 +0000] "GET /images/img2.jpeg HTTP/1.1" 304 - "http://localhost:3000/" "Mozilla/5.0 (Windows NT 6.1; Win64; x64) AppleWebKit/537.36 (KHTML, like Gecko) Chrome/67.0.3396.87 Safari/537.36"
::1 - - [21/Jun/2018:18:10:51 +0000] "GET /images/img1.jpeg HTTP/1.1" 304 - "http://localhost:3000/" "Mozilla/5.0 (Windows NT 6.1; Win64; x64) AppleWebKit/537.36 (KHTML, like Gecko) Chrome/67.0.3396.87 Safari/537.36"
::1 - - [21/Jun/2018:18:10:51 +0000] "GET /images/img5.jpeg HTTP/1.1" 304 - "http://localhost:3000/" "Mozilla/5.0 (Windows NT 6.1; Win64; x64) AppleWebKit/537.36 (KHTML, like Gecko) Chrome/67.0.3396.87 Safari/537.36"
::1 - - [21/Jun/2018:18:10:51 +0000] "GET /images/img3.jpeg HTTP/1.1" 304 - "http://localhost:3000/" "Mozilla/5.0 (Windows NT 6.1; Win64; x64) AppleWebKit/537.36 (KHTML, like Gecko) Chrome/67.0.3396.87 Safari/537.36"
::1 - - [21/Jun/2018:18:10:51 +0000] "GET /images/img4.jpeg HTTP/1.1" 304 - "http://localhost:3000/" "Mozilla/5.0 (Windows NT 6.1; Win64; x64) AppleWebKit/537.36 (KHTML, like Gecko) Chrome/67.0.3396.87 Safari/537.36"
::1 - - [21/Jun/2018:18:10:52 +0000] "GET /images/img6.jpeg HTTP/1.1" 304 - "http://localhost:3000/" "Mozilla/5.0 (Windows NT 6.1; Win64; x64) AppleWebKit/537.36 (KHTML, like Gecko) Chrome/67.0.3396.87 Safari/537.36"
::1 - - [21/Jun/2018:18:10:52 +0000] "GET /favicon.ico HTTP/1.1" 500 4042 "http://localhost:3000/" "Mozilla/5.0 (Windows NT 6.1; Win64; x64) AppleWebKit/537.36 (KHTML, like Gecko) Chrome/67.0.3396.87 Safari/537.36"
::1 - - [21/Jun/2018:18:26:14 +0000] "GET /user/signup HTTP/1.1" 200 3814 "http://localhost:3000/" "Mozilla/5.0 (Windows NT 6.1; Win64; x64) AppleWebKit/537.36 (KHTML, like Gecko) Chrome/67.0.3396.87 Safari/537.36"
::1 - - [21/Jun/2018:18:26:14 +0000] "GET /stylesheets/style.css HTTP/1.1" 304 - "http://localhost:3000/user/signup" "Mozilla/5.0 (Windows NT 6.1; Win64; x64) AppleWebKit/537.36 (KHTML, like Gecko) Chrome/67.0.3396.87 Safari/537.36"
::1 - - [21/Jun/2018:18:26:15 +0000] "GET /favicon.ico HTTP/1.1" 500 4032 "http://localhost:3000/user/signup" "Mozilla/5.0 (Windows NT 6.1; Win64; x64) AppleWebKit/537.36 (KHTML, like Gecko) Chrome/67.0.3396.87 Safari/537.36"
::1 - - [21/Jun/2018:18:28:59 +0000] "GET /user/signup HTTP/1.1" 200 3654 "http://localhost:3000/" "Mozilla/5.0 (Windows NT 6.1; Win64; x64) AppleWebKit/537.36 (KHTML, like Gecko) Chrome/67.0.3396.87 Safari/537.36"
::1 - - [21/Jun/2018:18:28:59 +0000] "GET /stylesheets/style.css HTTP/1.1" 304 - "http://localhost:3000/user/signup" "Mozilla/5.0 (Windows NT 6.1; Win64; x64) AppleWebKit/537.36 (KHTML, like Gecko) Chrome/67.0.3396.87 Safari/537.36"
::1 - - [21/Jun/2018:18:29:09 +0000] "GET /favicon.ico HTTP/1.1" 500 2646 "http://localhost:3000/user/signup" "Mozilla/5.0 (Windows NT 6.1; Win64; x64) AppleWebKit/537.36 (KHTML, like Gecko) Chrome/67.0.3396.87 Safari/537.36"
::1 - - [21/Jun/2018:18:30:24 +0000] "GET /shopping-cart/ HTTP/1.1" 200 3829 "http://localhost:3000/user/signup" "Mozilla/5.0 (Windows NT 6.1; Win64; x64) AppleWebKit/537.36 (KHTML, like Gecko) Chrome/67.0.3396.87 Safari/537.36"
::1 - - [21/Jun/2018:18:30:24 +0000] "GET /stylesheets/style.css HTTP/1.1" 304 - "http://localhost:3000/shopping-cart/" "Mozilla/5.0 (Windows NT 6.1; Win64; x64) AppleWebKit/537.36 (KHTML, like Gecko) Chrome/67.0.3396.87 Safari/537.36"
::1 - - [21/Jun/2018:18:30:25 +0000] "GET /favicon.ico HTTP/1.1" 500 4032 "http://localhost:3000/shopping-cart/" "Mozilla/5.0 (Windows NT 6.1; Win64; x64) AppleWebKit/537.36 (KHTML, like Gecko) Chrome/67.0.3396.87 Safari/537.36"
::1 - - [21/Jun/2018:18:30:31 +0000] "GET /user/signin HTTP/1.1" 200 3327 "http://localhost:3000/shopping-cart/" "Mozilla/5.0 (Windows NT 6.1; Win64; x64) AppleWebKit/537.36 (KHTML, like Gecko) Chrome/67.0.3396.87 Safari/537.36"
::1 - - [21/Jun/2018:18:30:31 +0000] "GET /stylesheets/style.css HTTP/1.1" 304 - "http://localhost:3000/user/signin" "Mozilla/5.0 (Windows NT 6.1; Win64; x64) AppleWebKit/537.36 (KHTML, like Gecko) Chrome/67.0.3396.87 Safari/537.36"
::1 - - [21/Jun/2018:18:30:32 +0000] "GET /favicon.ico HTTP/1.1" 500 4032 "http://localhost:3000/user/signin" "Mozilla/5.0 (Windows NT 6.1; Win64; x64) AppleWebKit/537.36 (KHTML, like Gecko) Chrome/67.0.3396.87 Safari/537.36"
::1 - - [21/Jun/2018:18:30:42 +0000] "GET /user/signup HTTP/1.1" 200 3654 "http://localhost:3000/user/signin" "Mozilla/5.0 (Windows NT 6.1; Win64; x64) AppleWebKit/537.36 (KHTML, like Gecko) Chrome/67.0.3396.87 Safari/537.36"
::1 - - [21/Jun/2018:18:30:42 +0000] "GET /stylesheets/style.css HTTP/1.1" 304 - "http://localhost:3000/user/signup" "Mozilla/5.0 (Windows NT 6.1; Win64; x64) AppleWebKit/537.36 (KHTML, like Gecko) Chrome/67.0.3396.87 Safari/537.36"
::1 - - [21/Jun/2018:18:30:43 +0000] "GET /favicon.ico HTTP/1.1" 500 4032 "http://localhost:3000/user/signup" "Mozilla/5.0 (Windows NT 6.1; Win64; x64) AppleWebKit/537.36 (KHTML, like Gecko) Chrome/67.0.3396.87 Safari/537.36"
::1 - - [21/Jun/2018:18:30:48 +0000] "GET /favicon.ico HTTP/1.1" 500 4032 "http://localhost:3000/user/signin" "Mozilla/5.0 (Windows NT 6.1; Win64; x64) AppleWebKit/537.36 (KHTML, like Gecko) Chrome/67.0.3396.87 Safari/537.36"
::1 - - [21/Jun/2018:18:33:28 +0000] "GET /user/signin HTTP/1.1" 200 3318 "http://localhost:3000/shopping-cart/" "Mozilla/5.0 (Windows NT 6.1; Win64; x64) AppleWebKit/537.36 (KHTML, like Gecko) Chrome/67.0.3396.87 Safari/537.36"
::1 - - [21/Jun/2018:18:33:28 +0000] "GET /stylesheets/style.css HTTP/1.1" 304 - "http://localhost:3000/user/signin" "Mozilla/5.0 (Windows NT 6.1; Win64; x64) AppleWebKit/537.36 (KHTML, like Gecko) Chrome/67.0.3396.87 Safari/537.36"
::1 - - [21/Jun/2018:18:33:29 +0000] "GET /favicon.ico HTTP/1.1" 500 4032 "http://localhost:3000/user/signin" "Mozilla/5.0 (Windows NT 6.1; Win64; x64) AppleWebKit/537.36 (KHTML, like Gecko) Chrome/67.0.3396.87 Safari/537.36"
